
> nwaves <- 18  

> variables <- list("jhstat", "jhbgm", "jhbgy4", "jhendm", "jhendy4" ) 

> jobhist <- data.frame()  

> for (i in 1:nwaves){    
+   letter <- letters[i]
+   vars <- paste(letter, variables, sep = "") 
+   setwd(paste0("//sernt2/ec969$/UKDA-5151-stata/ ..." ... [TRUNCATED] 

> View(jobhist)

> setwd("M:/EC969/R")

> xwave<- read_dta(file = "//sernt2/ec969$/UKDA-5151-stata/stata/stata13/bhps_wx/xwavedat.dta") %>%
+   arrange(pid)

> df_ex<-merge(jobhist, xwave, by="pid")

> drop <- c("plbornc_cc", "yr2uk4", "race", "racel", "paju", "pasoc_cc", "pasemp", "paboss", "pamngr", "maju", "masoc_cc", "masemp", "maboss", "mamngr ..." ... [TRUNCATED] 

> df_ex = df_ex[,!(names(df_ex) %in% drop)]

> View(df_ex)

> df_ex$age_v1 <- 1990 + df_ex$wave - df_ex$doby

> df_ex$SpellLength_v1 <- ((df_ex$jhendy4 - df_ex$jhbgy4)*12 ) + df_ex$jhendm - df_ex$jhbgm

> df_ex$SpellLength_v1[df_ex$SpellLength_v1>120 | df_ex$SpellLength_v1<0]<-NA

> for (i in (1:nrow(df_ex))){
+   df_ex$age_v2[i] <- 1990 + df_ex$wave[i] - df_ex$doby[i]
+ }

> df_ex<- df_ex %>%
+   dplyr::mutate(age = 1990 + wave - doby )

> df_ex<- df_ex %>%
+   dplyr::mutate(SpellLength = ((jhendy4 - jhbgy4)*12 ) + jhendm - jhbgm )

> df_ex<- df_ex %>%
+   dplyr::mutate(SpellLength = ifelse(SpellLength>120 | SpellLength < 0, NA, SpellLength) )

> df_ex <- df_ex %>%
+   arrange(pid, wave, jhendm, jhendy4) 

> table(df_ex$SpellLength)

   0    1    2    3    4    5    6    7    8    9   10   11   12   13   14   15   16   17   18   19   20   21   22   23 
1924 3500 3874 3731 3081 2629 2460 2036 1874 1693 1445 1335 2337 1185  994  943  791  814  772  719  681  699  687  661 
  24   25   26   27   28   29   30   31   32   33   34   35   36   37   38   39   40   41   42   43   44   45   46   47 
1119  577  549  524  501  490  492  444  432  491  461  451  751  407  352  343  343  333  291  278  294  346  383  311 
  48   49   50   51   52   53   54   55   56   57   58   59   60   61   62   63   64   65   66   67   68   69   70   71 
 480  266  243  229  217  229  195  198  219  225  290  226  463  208  186  174  178  137  163  146  140  187  203  131 
  72   73   74   75   76   77   78   79   80   81   82   83   84   85   86   87   88   89   90   91   92   93   94   95 
 234  152  132  118  116  110  108  124  110  117  125  113  173  112   95   64   90  110   80   78   78   99  100   84 
  96   97   98   99  100  101  102  103  104  105  106  107  108  109  110  111  112  113  114  115  116  117  118  119 
 114   76   77   56   65   75   45   54   71   79   65   62   82   44   59   47   74   61   61   47   44   43   54   66 
 120 
  97 

> # Initial attempt to panel data set here didn't work (properly) because there's 
> # multiple observations per person per wave - 
> # This is those  .... [TRUNCATED] 

> # To generate the running count:
> 
> 
> df_ex <- df_ex %>% group_by(pid, wave) %>% dplyr::mutate(nth = cumsum(counter))

> df_ex <- df_ex %>% group_by(pid, wave) %>% dplyr::mutate(N = sum(counter))

> df_ex <- df_ex %>% filter(N == nth)

> # To generate the total count
> #N <- df_ex %>% group_by(pid, wave) %>% dplyr::summarise(N = n())  
> ## We first add N into the longwave dataset (i .... [TRUNCATED] 

> df_ex <- pdata.frame(df_ex, index = c("pid", "wave"))

> df_ex <- dplyr::rename(df_ex,  sex_jobhist = sex, age_jobhist = age) 

> # Here need to keep only a set of variables
> # jhstat jhbgm jhbgy4 jhendm jhendy4 pid wave SpellLength sex age
> 
> # And only keep one observation .... [TRUNCATED] 

> setwd("M:/EC969/R")

> saveRDS(df_ex, "Lab06_ExtraData.rds")

> sink()
